Looking for git in: git
Using git 2.20.1 from git
> git rev-parse --git-dir
Open repository: /home/crcamach
> git status -z -u
> git log --format=%H%n%aN%n%aE%n%at%n%ct%n%P%n%B -z -n21 -- /home/crcamach/C00/ex03/ft_print_numbers.c
> git log --format=%H%n%aN%n%aE%n%at%n%ct%n%P%n%B -z -n41 -- /home/crcamach/C00/ex03/ft_print_numbers.c
> git symbolic-ref --short HEAD
> git rev-parse master
> git rev-parse --symbolic-full-name master@{u}
fatal: no upstream configured for branch 'master'
> git for-each-ref --sort -committerdate --format %(refname) %(objectname)
> git remote --verbose
> git config --get commit.template
> git check-ignore -v -z --stdin
> git show --textconv :C00/ex03/ft_print_numbers.c
> git ls-files --stage -- /home/crcamach/C00/ex03/ft_print_numbers.c
> git log --format=%H%n%aN%n%aE%n%at%n%ct%n%P%n%B -z -n21 -- /home/crcamach/C00/ex03/ft_print_numbers.c
> git check-ignore -v -z --stdin
> git check-ignore -v -z --stdin
> git log --format=%H%n%aN%n%aE%n%at%n%ct%n%P%n%B -z -n21 -- /home/crcamach/rush00/intra-uuid-bc25a0cd-a5fb-46fe-9cf1-b07f6998588e-3667777/ex00/a.out
> git log --format=%H%n%aN%n%aE%n%at%n%ct%n%P%n%B -z -n41 -- /home/crcamach/rush00/intra-uuid-bc25a0cd-a5fb-46fe-9cf1-b07f6998588e-3667777/ex00/a.out
> git check-ignore -v -z --stdin
> git log --format=%H%n%aN%n%aE%n%at%n%ct%n%P%n%B -z -n21 -- /home/crcamach/rush00/intra-uuid-bc25a0cd-a5fb-46fe-9cf1-b07f6998588e-3667777/ex00/ft_putchar.c
> git show --textconv :rush00/intra-uuid-bc25a0cd-a5fb-46fe-9cf1-b07f6998588e-3667777/ex00/ft_putchar.c
> git ls-files --stage -- /home/crcamach/rush00/intra-uuid-bc25a0cd-a5fb-46fe-9cf1-b07f6998588e-3667777/ex00/ft_putchar.c
> git log --format=%H%n%aN%n%aE%n%at%n%ct%n%P%n%B -z -n21 -- /home/crcamach/rush00/intra-uuid-bc25a0cd-a5fb-46fe-9cf1-b07f6998588e-3667777/ex00/main.c
> git show --textconv :rush00/intra-uuid-bc25a0cd-a5fb-46fe-9cf1-b07f6998588e-3667777/ex00/main.c
> git ls-files --stage -- /home/crcamach/rush00/intra-uuid-bc25a0cd-a5fb-46fe-9cf1-b07f6998588e-3667777/ex00/main.c
> git log --format=%H%n%aN%n%aE%n%at%n%ct%n%P%n%B -z -n21 -- /home/crcamach/rush00/intra-uuid-bc25a0cd-a5fb-46fe-9cf1-b07f6998588e-3667777/ex00/rush03.c
> git show --textconv :rush00/intra-uuid-bc25a0cd-a5fb-46fe-9cf1-b07f6998588e-3667777/ex00/rush03.c
> git ls-files --stage -- /home/crcamach/rush00/intra-uuid-bc25a0cd-a5fb-46fe-9cf1-b07f6998588e-3667777/ex00/rush03.c
> git log --format=%H%n%aN%n%aE%n%at%n%ct%n%P%n%B -z -n21 -- /home/crcamach/rush00/intra-uuid-bc25a0cd-a5fb-46fe-9cf1-b07f6998588e-3667777/ex00/main.c
> git show --textconv :rush00/intra-uuid-bc25a0cd-a5fb-46fe-9cf1-b07f6998588e-3667777/ex00/main.c
> git ls-files --stage -- /home/crcamach/rush00/intra-uuid-bc25a0cd-a5fb-46fe-9cf1-b07f6998588e-3667777/ex00/main.c
> git log --format=%H%n%aN%n%aE%n%at%n%ct%n%P%n%B -z -n21 -- /home/crcamach/rush00/intra-uuid-bc25a0cd-a5fb-46fe-9cf1-b07f6998588e-3667777/ex00/rush03.c
> git show --textconv :rush00/intra-uuid-bc25a0cd-a5fb-46fe-9cf1-b07f6998588e-3667777/ex00/rush03.c
> git ls-files --stage -- /home/crcamach/rush00/intra-uuid-bc25a0cd-a5fb-46fe-9cf1-b07f6998588e-3667777/ex00/rush03.c
> git log --format=%H%n%aN%n%aE%n%at%n%ct%n%P%n%B -z -n21 -- /home/crcamach/rush00/intra-uuid-bc25a0cd-a5fb-46fe-9cf1-b07f6998588e-3667777/ex00/main.c
> git show --textconv :rush00/intra-uuid-bc25a0cd-a5fb-46fe-9cf1-b07f6998588e-3667777/ex00/main.c
> git ls-files --stage -- /home/crcamach/rush00/intra-uuid-bc25a0cd-a5fb-46fe-9cf1-b07f6998588e-3667777/ex00/main.c
> git log --format=%H%n%aN%n%aE%n%at%n%ct%n%P%n%B -z -n21 -- /home/crcamach/rush00/intra-uuid-bc25a0cd-a5fb-46fe-9cf1-b07f6998588e-3667777/ex00/rush03.c
> git show --textconv :rush00/intra-uuid-bc25a0cd-a5fb-46fe-9cf1-b07f6998588e-3667777/ex00/rush03.c
> git ls-files --stage -- /home/crcamach/rush00/intra-uuid-bc25a0cd-a5fb-46fe-9cf1-b07f6998588e-3667777/ex00/rush03.c
> git log --format=%H%n%aN%n%aE%n%at%n%ct%n%P%n%B -z -n21 -- /home/crcamach/rush00/intra-uuid-bc25a0cd-a5fb-46fe-9cf1-b07f6998588e-3667777/ex00/main.c
> git show --textconv :rush00/intra-uuid-bc25a0cd-a5fb-46fe-9cf1-b07f6998588e-3667777/ex00/main.c
> git ls-files --stage -- /home/crcamach/rush00/intra-uuid-bc25a0cd-a5fb-46fe-9cf1-b07f6998588e-3667777/ex00/main.c
> git log --format=%H%n%aN%n%aE%n%at%n%ct%n%P%n%B -z -n21 -- /home/crcamach/rush00/intra-uuid-bc25a0cd-a5fb-46fe-9cf1-b07f6998588e-3667777/ex00/ft_putchar.c
> git show --textconv :rush00/intra-uuid-bc25a0cd-a5fb-46fe-9cf1-b07f6998588e-3667777/ex00/ft_putchar.c
> git ls-files --stage -- /home/crcamach/rush00/intra-uuid-bc25a0cd-a5fb-46fe-9cf1-b07f6998588e-3667777/ex00/ft_putchar.c
> git log --format=%H%n%aN%n%aE%n%at%n%ct%n%P%n%B -z -n21 -- /home/crcamach/rush00/intra-uuid-bc25a0cd-a5fb-46fe-9cf1-b07f6998588e-3667777/ex00/main.c
> git show --textconv :rush00/intra-uuid-bc25a0cd-a5fb-46fe-9cf1-b07f6998588e-3667777/ex00/main.c
> git ls-files --stage -- /home/crcamach/rush00/intra-uuid-bc25a0cd-a5fb-46fe-9cf1-b07f6998588e-3667777/ex00/main.c
> git log --format=%H%n%aN%n%aE%n%at%n%ct%n%P%n%B -z -n21 -- /home/crcamach/rush00/intra-uuid-bc25a0cd-a5fb-46fe-9cf1-b07f6998588e-3667777/ex00/rush03.c
> git show --textconv :rush00/intra-uuid-bc25a0cd-a5fb-46fe-9cf1-b07f6998588e-3667777/ex00/rush03.c
> git ls-files --stage -- /home/crcamach/rush00/intra-uuid-bc25a0cd-a5fb-46fe-9cf1-b07f6998588e-3667777/ex00/rush03.c
> git log --format=%H%n%aN%n%aE%n%at%n%ct%n%P%n%B -z -n21 -- /home/crcamach/rush00/intra-uuid-bc25a0cd-a5fb-46fe-9cf1-b07f6998588e-3667777/ex00/ft_putchar.c
> git show --textconv :rush00/intra-uuid-bc25a0cd-a5fb-46fe-9cf1-b07f6998588e-3667777/ex00/ft_putchar.c
> git ls-files --stage -- /home/crcamach/rush00/intra-uuid-bc25a0cd-a5fb-46fe-9cf1-b07f6998588e-3667777/ex00/ft_putchar.c
> git log --format=%H%n%aN%n%aE%n%at%n%ct%n%P%n%B -z -n21 -- /home/crcamach/rush00/intra-uuid-bc25a0cd-a5fb-46fe-9cf1-b07f6998588e-3667777/ex00/rush03.c
> git show --textconv :rush00/intra-uuid-bc25a0cd-a5fb-46fe-9cf1-b07f6998588e-3667777/ex00/rush03.c
> git ls-files --stage -- /home/crcamach/rush00/intra-uuid-bc25a0cd-a5fb-46fe-9cf1-b07f6998588e-3667777/ex00/rush03.c
> git log --format=%H%n%aN%n%aE%n%at%n%ct%n%P%n%B -z -n21 -- /home/crcamach/rush00/intra-uuid-bc25a0cd-a5fb-46fe-9cf1-b07f6998588e-3667777/ex00/main.c
> git show --textconv :rush00/intra-uuid-bc25a0cd-a5fb-46fe-9cf1-b07f6998588e-3667777/ex00/main.c
> git ls-files --stage -- /home/crcamach/rush00/intra-uuid-bc25a0cd-a5fb-46fe-9cf1-b07f6998588e-3667777/ex00/main.c
> git log --format=%H%n%aN%n%aE%n%at%n%ct%n%P%n%B -z -n21 -- /home/crcamach/rush00/intra-uuid-bc25a0cd-a5fb-46fe-9cf1-b07f6998588e-3667777/ex00/rush03.c
> git show --textconv :rush00/intra-uuid-bc25a0cd-a5fb-46fe-9cf1-b07f6998588e-3667777/ex00/rush03.c
> git ls-files --stage -- /home/crcamach/rush00/intra-uuid-bc25a0cd-a5fb-46fe-9cf1-b07f6998588e-3667777/ex00/rush03.c
> git log --format=%H%n%aN%n%aE%n%at%n%ct%n%P%n%B -z -n21 -- /home/crcamach/rush00/intra-uuid-bc25a0cd-a5fb-46fe-9cf1-b07f6998588e-3667777/ex00/main.c
> git show --textconv :rush00/intra-uuid-bc25a0cd-a5fb-46fe-9cf1-b07f6998588e-3667777/ex00/main.c
> git ls-files --stage -- /home/crcamach/rush00/intra-uuid-bc25a0cd-a5fb-46fe-9cf1-b07f6998588e-3667777/ex00/main.c
> git log --format=%H%n%aN%n%aE%n%at%n%ct%n%P%n%B -z -n21 -- /home/crcamach/rush00/intra-uuid-bc25a0cd-a5fb-46fe-9cf1-b07f6998588e-3667777/ex00/ft_putchar.c
> git show --textconv :rush00/intra-uuid-bc25a0cd-a5fb-46fe-9cf1-b07f6998588e-3667777/ex00/ft_putchar.c
> git ls-files --stage -- /home/crcamach/rush00/intra-uuid-bc25a0cd-a5fb-46fe-9cf1-b07f6998588e-3667777/ex00/ft_putchar.c
> git log --format=%H%n%aN%n%aE%n%at%n%ct%n%P%n%B -z -n21 -- /home/crcamach/rush00/intra-uuid-bc25a0cd-a5fb-46fe-9cf1-b07f6998588e-3667777/ex00/rush03.c
> git show --textconv :rush00/intra-uuid-bc25a0cd-a5fb-46fe-9cf1-b07f6998588e-3667777/ex00/rush03.c
> git ls-files --stage -- /home/crcamach/rush00/intra-uuid-bc25a0cd-a5fb-46fe-9cf1-b07f6998588e-3667777/ex00/rush03.c
> git log --format=%H%n%aN%n%aE%n%at%n%ct%n%P%n%B -z -n21 -- /home/crcamach/rush00/intra-uuid-bc25a0cd-a5fb-46fe-9cf1-b07f6998588e-3667777/ex00/main.c
> git show --textconv :rush00/intra-uuid-bc25a0cd-a5fb-46fe-9cf1-b07f6998588e-3667777/ex00/main.c
> git ls-files --stage -- /home/crcamach/rush00/intra-uuid-bc25a0cd-a5fb-46fe-9cf1-b07f6998588e-3667777/ex00/main.c
> git log --format=%H%n%aN%n%aE%n%at%n%ct%n%P%n%B -z -n21 -- /home/crcamach/rush00/intra-uuid-bc25a0cd-a5fb-46fe-9cf1-b07f6998588e-3667777/ex00/ft_putchar.c
> git show --textconv :rush00/intra-uuid-bc25a0cd-a5fb-46fe-9cf1-b07f6998588e-3667777/ex00/ft_putchar.c
> git ls-files --stage -- /home/crcamach/rush00/intra-uuid-bc25a0cd-a5fb-46fe-9cf1-b07f6998588e-3667777/ex00/ft_putchar.c
> git log --format=%H%n%aN%n%aE%n%at%n%ct%n%P%n%B -z -n21 -- /home/crcamach/rush00/intra-uuid-bc25a0cd-a5fb-46fe-9cf1-b07f6998588e-3667777/ex00/main.c
> git show --textconv :rush00/intra-uuid-bc25a0cd-a5fb-46fe-9cf1-b07f6998588e-3667777/ex00/main.c
> git ls-files --stage -- /home/crcamach/rush00/intra-uuid-bc25a0cd-a5fb-46fe-9cf1-b07f6998588e-3667777/ex00/main.c
> git log --format=%H%n%aN%n%aE%n%at%n%ct%n%P%n%B -z -n21 -- /home/crcamach/rush00/intra-uuid-bc25a0cd-a5fb-46fe-9cf1-b07f6998588e-3667777/ex00/rush03.c
> git show --textconv :rush00/intra-uuid-bc25a0cd-a5fb-46fe-9cf1-b07f6998588e-3667777/ex00/rush03.c
> git ls-files --stage -- /home/crcamach/rush00/intra-uuid-bc25a0cd-a5fb-46fe-9cf1-b07f6998588e-3667777/ex00/rush03.c
> git log --format=%H%n%aN%n%aE%n%at%n%ct%n%P%n%B -z -n21 -- /home/crcamach/rush00/intra-uuid-bc25a0cd-a5fb-46fe-9cf1-b07f6998588e-3667777/ex00/main.c
> git show --textconv :rush00/intra-uuid-bc25a0cd-a5fb-46fe-9cf1-b07f6998588e-3667777/ex00/main.c
> git ls-files --stage -- /home/crcamach/rush00/intra-uuid-bc25a0cd-a5fb-46fe-9cf1-b07f6998588e-3667777/ex00/main.c
> git log --format=%H%n%aN%n%aE%n%at%n%ct%n%P%n%B -z -n21 -- /home/crcamach/rush00/intra-uuid-bc25a0cd-a5fb-46fe-9cf1-b07f6998588e-3667777/ex00/ft_putchar.c
> git show --textconv :rush00/intra-uuid-bc25a0cd-a5fb-46fe-9cf1-b07f6998588e-3667777/ex00/ft_putchar.c
> git ls-files --stage -- /home/crcamach/rush00/intra-uuid-bc25a0cd-a5fb-46fe-9cf1-b07f6998588e-3667777/ex00/ft_putchar.c
> git log --format=%H%n%aN%n%aE%n%at%n%ct%n%P%n%B -z -n21 -- /home/crcamach/rush00/intra-uuid-bc25a0cd-a5fb-46fe-9cf1-b07f6998588e-3667777/ex00/main.c
> git show --textconv :rush00/intra-uuid-bc25a0cd-a5fb-46fe-9cf1-b07f6998588e-3667777/ex00/main.c
> git ls-files --stage -- /home/crcamach/rush00/intra-uuid-bc25a0cd-a5fb-46fe-9cf1-b07f6998588e-3667777/ex00/main.c
> git log --format=%H%n%aN%n%aE%n%at%n%ct%n%P%n%B -z -n21 -- /home/crcamach/rush00/intra-uuid-bc25a0cd-a5fb-46fe-9cf1-b07f6998588e-3667777/ex00/rush03.c
> git show --textconv :rush00/intra-uuid-bc25a0cd-a5fb-46fe-9cf1-b07f6998588e-3667777/ex00/rush03.c
> git ls-files --stage -- /home/crcamach/rush00/intra-uuid-bc25a0cd-a5fb-46fe-9cf1-b07f6998588e-3667777/ex00/rush03.c
> git log --format=%H%n%aN%n%aE%n%at%n%ct%n%P%n%B -z -n21 -- /home/crcamach/C00/ex03/ft_print_numbers.c
> git show --textconv :C00/ex03/ft_print_numbers.c
> git ls-files --stage -- /home/crcamach/C00/ex03/ft_print_numbers.c
> git log --format=%H%n%aN%n%aE%n%at%n%ct%n%P%n%B -z -n21 -- /home/crcamach/rush00/intra-uuid-bc25a0cd-a5fb-46fe-9cf1-b07f6998588e-3667777/ex00/main.c
> git show --textconv :rush00/intra-uuid-bc25a0cd-a5fb-46fe-9cf1-b07f6998588e-3667777/ex00/main.c
> git ls-files --stage -- /home/crcamach/rush00/intra-uuid-bc25a0cd-a5fb-46fe-9cf1-b07f6998588e-3667777/ex00/main.c
> git log --format=%H%n%aN%n%aE%n%at%n%ct%n%P%n%B -z -n21 -- /home/crcamach/rush00/intra-uuid-bc25a0cd-a5fb-46fe-9cf1-b07f6998588e-3667777/ex00/ft_putchar.c
> git show --textconv :rush00/intra-uuid-bc25a0cd-a5fb-46fe-9cf1-b07f6998588e-3667777/ex00/ft_putchar.c
> git ls-files --stage -- /home/crcamach/rush00/intra-uuid-bc25a0cd-a5fb-46fe-9cf1-b07f6998588e-3667777/ex00/ft_putchar.c
> git log --format=%H%n%aN%n%aE%n%at%n%ct%n%P%n%B -z -n21 -- /home/crcamach/rush00/intra-uuid-bc25a0cd-a5fb-46fe-9cf1-b07f6998588e-3667777/ex00/rush03.c
> git show --textconv :rush00/intra-uuid-bc25a0cd-a5fb-46fe-9cf1-b07f6998588e-3667777/ex00/rush03.c
> git ls-files --stage -- /home/crcamach/rush00/intra-uuid-bc25a0cd-a5fb-46fe-9cf1-b07f6998588e-3667777/ex00/rush03.c
> git log --format=%H%n%aN%n%aE%n%at%n%ct%n%P%n%B -z -n21 -- /home/crcamach/rush00/intra-uuid-bc25a0cd-a5fb-46fe-9cf1-b07f6998588e-3667777/ex00/main.c
> git show --textconv :rush00/intra-uuid-bc25a0cd-a5fb-46fe-9cf1-b07f6998588e-3667777/ex00/main.c
> git ls-files --stage -- /home/crcamach/rush00/intra-uuid-bc25a0cd-a5fb-46fe-9cf1-b07f6998588e-3667777/ex00/main.c
> git log --format=%H%n%aN%n%aE%n%at%n%ct%n%P%n%B -z -n21 -- /home/crcamach/rush00/intra-uuid-bc25a0cd-a5fb-46fe-9cf1-b07f6998588e-3667777/ex00/ft_putchar.c
> git show --textconv :rush00/intra-uuid-bc25a0cd-a5fb-46fe-9cf1-b07f6998588e-3667777/ex00/ft_putchar.c
> git ls-files --stage -- /home/crcamach/rush00/intra-uuid-bc25a0cd-a5fb-46fe-9cf1-b07f6998588e-3667777/ex00/ft_putchar.c
> git log --format=%H%n%aN%n%aE%n%at%n%ct%n%P%n%B -z -n21 -- /home/crcamach/rush00/intra-uuid-bc25a0cd-a5fb-46fe-9cf1-b07f6998588e-3667777/ex00/main.c
> git show --textconv :rush00/intra-uuid-bc25a0cd-a5fb-46fe-9cf1-b07f6998588e-3667777/ex00/main.c
> git ls-files --stage -- /home/crcamach/rush00/intra-uuid-bc25a0cd-a5fb-46fe-9cf1-b07f6998588e-3667777/ex00/main.c
> git log --format=%H%n%aN%n%aE%n%at%n%ct%n%P%n%B -z -n21 -- /home/crcamach/rush00/intra-uuid-bc25a0cd-a5fb-46fe-9cf1-b07f6998588e-3667777/ex00/rush03.c
> git show --textconv :rush00/intra-uuid-bc25a0cd-a5fb-46fe-9cf1-b07f6998588e-3667777/ex00/rush03.c
> git ls-files --stage -- /home/crcamach/rush00/intra-uuid-bc25a0cd-a5fb-46fe-9cf1-b07f6998588e-3667777/ex00/rush03.c
> git log --format=%H%n%aN%n%aE%n%at%n%ct%n%P%n%B -z -n21 -- /home/crcamach/rush00/intra-uuid-bc25a0cd-a5fb-46fe-9cf1-b07f6998588e-3667777/ex00/main.c
> git show --textconv :rush00/intra-uuid-bc25a0cd-a5fb-46fe-9cf1-b07f6998588e-3667777/ex00/main.c
> git ls-files --stage -- /home/crcamach/rush00/intra-uuid-bc25a0cd-a5fb-46fe-9cf1-b07f6998588e-3667777/ex00/main.c
> git log --format=%H%n%aN%n%aE%n%at%n%ct%n%P%n%B -z -n21 -- /home/crcamach/rush00/intra-uuid-bc25a0cd-a5fb-46fe-9cf1-b07f6998588e-3667777/ex00/ft_putchar.c
> git show --textconv :rush00/intra-uuid-bc25a0cd-a5fb-46fe-9cf1-b07f6998588e-3667777/ex00/ft_putchar.c
> git ls-files --stage -- /home/crcamach/rush00/intra-uuid-bc25a0cd-a5fb-46fe-9cf1-b07f6998588e-3667777/ex00/ft_putchar.c
> git log --format=%H%n%aN%n%aE%n%at%n%ct%n%P%n%B -z -n21 -- /home/crcamach/rush00/intra-uuid-bc25a0cd-a5fb-46fe-9cf1-b07f6998588e-3667777/ex00/rush03.c
> git show --textconv :rush00/intra-uuid-bc25a0cd-a5fb-46fe-9cf1-b07f6998588e-3667777/ex00/rush03.c
> git ls-files --stage -- /home/crcamach/rush00/intra-uuid-bc25a0cd-a5fb-46fe-9cf1-b07f6998588e-3667777/ex00/rush03.c
> git log --format=%H%n%aN%n%aE%n%at%n%ct%n%P%n%B -z -n21 -- /home/crcamach/rush00/intra-uuid-bc25a0cd-a5fb-46fe-9cf1-b07f6998588e-3667777/ex00/main.c
> git show --textconv :rush00/intra-uuid-bc25a0cd-a5fb-46fe-9cf1-b07f6998588e-3667777/ex00/main.c
> git ls-files --stage -- /home/crcamach/rush00/intra-uuid-bc25a0cd-a5fb-46fe-9cf1-b07f6998588e-3667777/ex00/main.c
> git log --format=%H%n%aN%n%aE%n%at%n%ct%n%P%n%B -z -n21 -- /home/crcamach/rush00/intra-uuid-bc25a0cd-a5fb-46fe-9cf1-b07f6998588e-3667777/ex00/ft_putchar.c
> git show --textconv :rush00/intra-uuid-bc25a0cd-a5fb-46fe-9cf1-b07f6998588e-3667777/ex00/ft_putchar.c
> git ls-files --stage -- /home/crcamach/rush00/intra-uuid-bc25a0cd-a5fb-46fe-9cf1-b07f6998588e-3667777/ex00/ft_putchar.c
> git log --format=%H%n%aN%n%aE%n%at%n%ct%n%P%n%B -z -n21 -- /home/crcamach/rush00/intra-uuid-bc25a0cd-a5fb-46fe-9cf1-b07f6998588e-3667777/ex00/main.c
> git show --textconv :rush00/intra-uuid-bc25a0cd-a5fb-46fe-9cf1-b07f6998588e-3667777/ex00/main.c
> git ls-files --stage -- /home/crcamach/rush00/intra-uuid-bc25a0cd-a5fb-46fe-9cf1-b07f6998588e-3667777/ex00/main.c
> git log --format=%H%n%aN%n%aE%n%at%n%ct%n%P%n%B -z -n21 -- /home/crcamach/rush00/intra-uuid-bc25a0cd-a5fb-46fe-9cf1-b07f6998588e-3667777/ex00/rush03.c
> git show --textconv :rush00/intra-uuid-bc25a0cd-a5fb-46fe-9cf1-b07f6998588e-3667777/ex00/rush03.c
> git ls-files --stage -- /home/crcamach/rush00/intra-uuid-bc25a0cd-a5fb-46fe-9cf1-b07f6998588e-3667777/ex00/rush03.c
> git log --format=%H%n%aN%n%aE%n%at%n%ct%n%P%n%B -z -n21 -- /home/crcamach/rush00/intra-uuid-bc25a0cd-a5fb-46fe-9cf1-b07f6998588e-3667777/ex00/main.c
> git show --textconv :rush00/intra-uuid-bc25a0cd-a5fb-46fe-9cf1-b07f6998588e-3667777/ex00/main.c
> git ls-files --stage -- /home/crcamach/rush00/intra-uuid-bc25a0cd-a5fb-46fe-9cf1-b07f6998588e-3667777/ex00/main.c
> git log --format=%H%n%aN%n%aE%n%at%n%ct%n%P%n%B -z -n21 -- /home/crcamach/rush00/intra-uuid-bc25a0cd-a5fb-46fe-9cf1-b07f6998588e-3667777/ex00/ft_putchar.c
> git show --textconv :rush00/intra-uuid-bc25a0cd-a5fb-46fe-9cf1-b07f6998588e-3667777/ex00/ft_putchar.c
> git ls-files --stage -- /home/crcamach/rush00/intra-uuid-bc25a0cd-a5fb-46fe-9cf1-b07f6998588e-3667777/ex00/ft_putchar.c
> git log --format=%H%n%aN%n%aE%n%at%n%ct%n%P%n%B -z -n21 -- /home/crcamach/rush00/intra-uuid-bc25a0cd-a5fb-46fe-9cf1-b07f6998588e-3667777/ex00/rush03.c
> git show --textconv :rush00/intra-uuid-bc25a0cd-a5fb-46fe-9cf1-b07f6998588e-3667777/ex00/rush03.c
> git ls-files --stage -- /home/crcamach/rush00/intra-uuid-bc25a0cd-a5fb-46fe-9cf1-b07f6998588e-3667777/ex00/rush03.c
> git log --format=%H%n%aN%n%aE%n%at%n%ct%n%P%n%B -z -n21 -- /home/crcamach/rush00/intra-uuid-bc25a0cd-a5fb-46fe-9cf1-b07f6998588e-3667777/ex00/main.c
> git show --textconv :rush00/intra-uuid-bc25a0cd-a5fb-46fe-9cf1-b07f6998588e-3667777/ex00/main.c
> git ls-files --stage -- /home/crcamach/rush00/intra-uuid-bc25a0cd-a5fb-46fe-9cf1-b07f6998588e-3667777/ex00/main.c
> git log --format=%H%n%aN%n%aE%n%at%n%ct%n%P%n%B -z -n21 -- /home/crcamach/rush00/intra-uuid-bc25a0cd-a5fb-46fe-9cf1-b07f6998588e-3667777/ex00/rush03.c
> git show --textconv :rush00/intra-uuid-bc25a0cd-a5fb-46fe-9cf1-b07f6998588e-3667777/ex00/rush03.c
> git ls-files --stage -- /home/crcamach/rush00/intra-uuid-bc25a0cd-a5fb-46fe-9cf1-b07f6998588e-3667777/ex00/rush03.c
> git log --format=%H%n%aN%n%aE%n%at%n%ct%n%P%n%B -z -n21 -- /home/crcamach/rush00/intra-uuid-bc25a0cd-a5fb-46fe-9cf1-b07f6998588e-3667777/ex00/main.c
> git show --textconv :rush00/intra-uuid-bc25a0cd-a5fb-46fe-9cf1-b07f6998588e-3667777/ex00/main.c
> git ls-files --stage -- /home/crcamach/rush00/intra-uuid-bc25a0cd-a5fb-46fe-9cf1-b07f6998588e-3667777/ex00/main.c
> git log --format=%H%n%aN%n%aE%n%at%n%ct%n%P%n%B -z -n21 -- /home/crcamach/rush00/intra-uuid-bc25a0cd-a5fb-46fe-9cf1-b07f6998588e-3667777/ex00/ft_putchar.c
> git show --textconv :rush00/intra-uuid-bc25a0cd-a5fb-46fe-9cf1-b07f6998588e-3667777/ex00/ft_putchar.c
> git ls-files --stage -- /home/crcamach/rush00/intra-uuid-bc25a0cd-a5fb-46fe-9cf1-b07f6998588e-3667777/ex00/ft_putchar.c
> git log --format=%H%n%aN%n%aE%n%at%n%ct%n%P%n%B -z -n21 -- /home/crcamach/rush00/intra-uuid-bc25a0cd-a5fb-46fe-9cf1-b07f6998588e-3667777/ex00/main.c
> git show --textconv :rush00/intra-uuid-bc25a0cd-a5fb-46fe-9cf1-b07f6998588e-3667777/ex00/main.c
> git ls-files --stage -- /home/crcamach/rush00/intra-uuid-bc25a0cd-a5fb-46fe-9cf1-b07f6998588e-3667777/ex00/main.c
> git log --format=%H%n%aN%n%aE%n%at%n%ct%n%P%n%B -z -n21 -- /home/crcamach/rush00/intra-uuid-bc25a0cd-a5fb-46fe-9cf1-b07f6998588e-3667777/ex00/rush03.c
> git show --textconv :rush00/intra-uuid-bc25a0cd-a5fb-46fe-9cf1-b07f6998588e-3667777/ex00/rush03.c
> git ls-files --stage -- /home/crcamach/rush00/intra-uuid-bc25a0cd-a5fb-46fe-9cf1-b07f6998588e-3667777/ex00/rush03.c
> git log --format=%H%n%aN%n%aE%n%at%n%ct%n%P%n%B -z -n21 -- /home/crcamach/rush00/intra-uuid-bc25a0cd-a5fb-46fe-9cf1-b07f6998588e-3667777/ex00/main.c
> git show --textconv :rush00/intra-uuid-bc25a0cd-a5fb-46fe-9cf1-b07f6998588e-3667777/ex00/main.c
> git ls-files --stage -- /home/crcamach/rush00/intra-uuid-bc25a0cd-a5fb-46fe-9cf1-b07f6998588e-3667777/ex00/main.c
> git log --format=%H%n%aN%n%aE%n%at%n%ct%n%P%n%B -z -n21 -- /home/crcamach/rush00/intra-uuid-bc25a0cd-a5fb-46fe-9cf1-b07f6998588e-3667777/ex00/ft_putchar.c
> git show --textconv :rush00/intra-uuid-bc25a0cd-a5fb-46fe-9cf1-b07f6998588e-3667777/ex00/ft_putchar.c
> git ls-files --stage -- /home/crcamach/rush00/intra-uuid-bc25a0cd-a5fb-46fe-9cf1-b07f6998588e-3667777/ex00/ft_putchar.c
> git log --format=%H%n%aN%n%aE%n%at%n%ct%n%P%n%B -z -n21 -- /home/crcamach/rush00/intra-uuid-bc25a0cd-a5fb-46fe-9cf1-b07f6998588e-3667777/ex00/rush03.c
> git show --textconv :rush00/intra-uuid-bc25a0cd-a5fb-46fe-9cf1-b07f6998588e-3667777/ex00/rush03.c
> git ls-files --stage -- /home/crcamach/rush00/intra-uuid-bc25a0cd-a5fb-46fe-9cf1-b07f6998588e-3667777/ex00/rush03.c
> git log --format=%H%n%aN%n%aE%n%at%n%ct%n%P%n%B -z -n21 -- /home/crcamach/rush00/intra-uuid-bc25a0cd-a5fb-46fe-9cf1-b07f6998588e-3667777/ex00/main.c
> git show --textconv :rush00/intra-uuid-bc25a0cd-a5fb-46fe-9cf1-b07f6998588e-3667777/ex00/main.c
> git ls-files --stage -- /home/crcamach/rush00/intra-uuid-bc25a0cd-a5fb-46fe-9cf1-b07f6998588e-3667777/ex00/main.c
> git log --format=%H%n%aN%n%aE%n%at%n%ct%n%P%n%B -z -n21 -- /home/crcamach/rush00/intra-uuid-bc25a0cd-a5fb-46fe-9cf1-b07f6998588e-3667777/ex00/ft_putchar.c
> git show --textconv :rush00/intra-uuid-bc25a0cd-a5fb-46fe-9cf1-b07f6998588e-3667777/ex00/ft_putchar.c
> git ls-files --stage -- /home/crcamach/rush00/intra-uuid-bc25a0cd-a5fb-46fe-9cf1-b07f6998588e-3667777/ex00/ft_putchar.c
> git log --format=%H%n%aN%n%aE%n%at%n%ct%n%P%n%B -z -n21 -- /home/crcamach/rush00/intra-uuid-bc25a0cd-a5fb-46fe-9cf1-b07f6998588e-3667777/ex00/main.c
> git show --textconv :rush00/intra-uuid-bc25a0cd-a5fb-46fe-9cf1-b07f6998588e-3667777/ex00/main.c
> git ls-files --stage -- /home/crcamach/rush00/intra-uuid-bc25a0cd-a5fb-46fe-9cf1-b07f6998588e-3667777/ex00/main.c
> git log --format=%H%n%aN%n%aE%n%at%n%ct%n%P%n%B -z -n21 -- /home/crcamach/rush00/intra-uuid-bc25a0cd-a5fb-46fe-9cf1-b07f6998588e-3667777/ex00/rush03.c
> git show --textconv :rush00/intra-uuid-bc25a0cd-a5fb-46fe-9cf1-b07f6998588e-3667777/ex00/rush03.c
> git ls-files --stage -- /home/crcamach/rush00/intra-uuid-bc25a0cd-a5fb-46fe-9cf1-b07f6998588e-3667777/ex00/rush03.c
> git log --format=%H%n%aN%n%aE%n%at%n%ct%n%P%n%B -z -n21 -- /home/crcamach/rush00/intra-uuid-bc25a0cd-a5fb-46fe-9cf1-b07f6998588e-3667777/ex00/ft_putchar.c
> git show --textconv :rush00/intra-uuid-bc25a0cd-a5fb-46fe-9cf1-b07f6998588e-3667777/ex00/ft_putchar.c
> git ls-files --stage -- /home/crcamach/rush00/intra-uuid-bc25a0cd-a5fb-46fe-9cf1-b07f6998588e-3667777/ex00/ft_putchar.c
> git log --format=%H%n%aN%n%aE%n%at%n%ct%n%P%n%B -z -n21 -- /home/crcamach/rush00/intra-uuid-bc25a0cd-a5fb-46fe-9cf1-b07f6998588e-3667777/ex00/main.c
> git show --textconv :rush00/intra-uuid-bc25a0cd-a5fb-46fe-9cf1-b07f6998588e-3667777/ex00/main.c
> git ls-files --stage -- /home/crcamach/rush00/intra-uuid-bc25a0cd-a5fb-46fe-9cf1-b07f6998588e-3667777/ex00/main.c
> git log --format=%H%n%aN%n%aE%n%at%n%ct%n%P%n%B -z -n21 -- /home/crcamach/rush00/intra-uuid-bc25a0cd-a5fb-46fe-9cf1-b07f6998588e-3667777/ex00/rush03.c
> git show --textconv :rush00/intra-uuid-bc25a0cd-a5fb-46fe-9cf1-b07f6998588e-3667777/ex00/rush03.c
> git ls-files --stage -- /home/crcamach/rush00/intra-uuid-bc25a0cd-a5fb-46fe-9cf1-b07f6998588e-3667777/ex00/rush03.c
> git log --format=%H%n%aN%n%aE%n%at%n%ct%n%P%n%B -z -n21 -- /home/crcamach/rush00/intra-uuid-bc25a0cd-a5fb-46fe-9cf1-b07f6998588e-3667777/ex00/a.out
> git log --format=%H%n%aN%n%aE%n%at%n%ct%n%P%n%B -z -n41 -- /home/crcamach/rush00/intra-uuid-bc25a0cd-a5fb-46fe-9cf1-b07f6998588e-3667777/ex00/a.out
> git log --format=%H%n%aN%n%aE%n%at%n%ct%n%P%n%B -z -n21 -- /home/crcamach/rush00/intra-uuid-bc25a0cd-a5fb-46fe-9cf1-b07f6998588e-3667777/ex00/ft_putchar.c
> git show --textconv :rush00/intra-uuid-bc25a0cd-a5fb-46fe-9cf1-b07f6998588e-3667777/ex00/ft_putchar.c
> git ls-files --stage -- /home/crcamach/rush00/intra-uuid-bc25a0cd-a5fb-46fe-9cf1-b07f6998588e-3667777/ex00/ft_putchar.c
> git log --format=%H%n%aN%n%aE%n%at%n%ct%n%P%n%B -z -n21 -- /home/crcamach/rush00/intra-uuid-bc25a0cd-a5fb-46fe-9cf1-b07f6998588e-3667777/ex00/rush03.c
> git show --textconv :rush00/intra-uuid-bc25a0cd-a5fb-46fe-9cf1-b07f6998588e-3667777/ex00/rush03.c
> git ls-files --stage -- /home/crcamach/rush00/intra-uuid-bc25a0cd-a5fb-46fe-9cf1-b07f6998588e-3667777/ex00/rush03.c
> git log --format=%H%n%aN%n%aE%n%at%n%ct%n%P%n%B -z -n21 -- /home/crcamach/rush00/intra-uuid-bc25a0cd-a5fb-46fe-9cf1-b07f6998588e-3667777/ex00/main.c
> git show --textconv :rush00/intra-uuid-bc25a0cd-a5fb-46fe-9cf1-b07f6998588e-3667777/ex00/main.c
> git ls-files --stage -- /home/crcamach/rush00/intra-uuid-bc25a0cd-a5fb-46fe-9cf1-b07f6998588e-3667777/ex00/main.c
> git log --format=%H%n%aN%n%aE%n%at%n%ct%n%P%n%B -z -n21 -- /home/crcamach/rush00/intra-uuid-bc25a0cd-a5fb-46fe-9cf1-b07f6998588e-3667777/ex00/ft_putchar.c
> git show --textconv :rush00/intra-uuid-bc25a0cd-a5fb-46fe-9cf1-b07f6998588e-3667777/ex00/ft_putchar.c
> git ls-files --stage -- /home/crcamach/rush00/intra-uuid-bc25a0cd-a5fb-46fe-9cf1-b07f6998588e-3667777/ex00/ft_putchar.c
> git log --format=%H%n%aN%n%aE%n%at%n%ct%n%P%n%B -z -n21 -- /home/crcamach/rush00/intra-uuid-bc25a0cd-a5fb-46fe-9cf1-b07f6998588e-3667777/ex00/main.c
> git show --textconv :rush00/intra-uuid-bc25a0cd-a5fb-46fe-9cf1-b07f6998588e-3667777/ex00/main.c
> git ls-files --stage -- /home/crcamach/rush00/intra-uuid-bc25a0cd-a5fb-46fe-9cf1-b07f6998588e-3667777/ex00/main.c
> git log --format=%H%n%aN%n%aE%n%at%n%ct%n%P%n%B -z -n21 -- /home/crcamach/rush00/intra-uuid-bc25a0cd-a5fb-46fe-9cf1-b07f6998588e-3667777/ex00/rush03.c
> git show --textconv :rush00/intra-uuid-bc25a0cd-a5fb-46fe-9cf1-b07f6998588e-3667777/ex00/rush03.c
> git ls-files --stage -- /home/crcamach/rush00/intra-uuid-bc25a0cd-a5fb-46fe-9cf1-b07f6998588e-3667777/ex00/rush03.c
> git log --format=%H%n%aN%n%aE%n%at%n%ct%n%P%n%B -z -n21 -- /home/crcamach/rush00/intra-uuid-bc25a0cd-a5fb-46fe-9cf1-b07f6998588e-3667777/ex00/main.c
> git show --textconv :rush00/intra-uuid-bc25a0cd-a5fb-46fe-9cf1-b07f6998588e-3667777/ex00/main.c
> git ls-files --stage -- /home/crcamach/rush00/intra-uuid-bc25a0cd-a5fb-46fe-9cf1-b07f6998588e-3667777/ex00/main.c
> git log --format=%H%n%aN%n%aE%n%at%n%ct%n%P%n%B -z -n21 -- /home/crcamach/rush00/intra-uuid-bc25a0cd-a5fb-46fe-9cf1-b07f6998588e-3667777/ex00/ft_putchar.c
> git show --textconv :rush00/intra-uuid-bc25a0cd-a5fb-46fe-9cf1-b07f6998588e-3667777/ex00/ft_putchar.c
> git ls-files --stage -- /home/crcamach/rush00/intra-uuid-bc25a0cd-a5fb-46fe-9cf1-b07f6998588e-3667777/ex00/ft_putchar.c
> git log --format=%H%n%aN%n%aE%n%at%n%ct%n%P%n%B -z -n21 -- /home/crcamach/rush00/intra-uuid-bc25a0cd-a5fb-46fe-9cf1-b07f6998588e-3667777/ex00/main.c
> git show --textconv :rush00/intra-uuid-bc25a0cd-a5fb-46fe-9cf1-b07f6998588e-3667777/ex00/main.c
> git ls-files --stage -- /home/crcamach/rush00/intra-uuid-bc25a0cd-a5fb-46fe-9cf1-b07f6998588e-3667777/ex00/main.c
> git log --format=%H%n%aN%n%aE%n%at%n%ct%n%P%n%B -z -n21 -- /home/crcamach/rush00/intra-uuid-bc25a0cd-a5fb-46fe-9cf1-b07f6998588e-3667777/ex00/rush03.c
> git show --textconv :rush00/intra-uuid-bc25a0cd-a5fb-46fe-9cf1-b07f6998588e-3667777/ex00/rush03.c
> git ls-files --stage -- /home/crcamach/rush00/intra-uuid-bc25a0cd-a5fb-46fe-9cf1-b07f6998588e-3667777/ex00/rush03.c
> git check-ignore -v -z --stdin
