Looking for git in: git
Using git 2.20.1 from git
> git rev-parse --git-dir
Open repository: /home/crcamach
> git status -z -u
> git symbolic-ref --short HEAD
> git rev-parse master
fatal: ambiguous argument 'master': unknown revision or path not in the working tree.
Use '--' to separate paths from revisions, like this:
'git <command> [<revision>...] -- [<file>...]'
> git for-each-ref --sort -committerdate --format %(refname) %(objectname)
> git remote --verbose
> git config --get commit.template
> git check-ignore -v -z --stdin
> git check-ignore -v -z --stdin
> git show --textconv :eu/aceito.txt
> git ls-files --stage -- /home/crcamach/eu/aceito.txt
> git check-ignore -v -z --stdin
> git check-ignore -v -z --stdin
> git check-ignore -v -z --stdin
> git check-ignore -v -z --stdin
> git check-ignore -v -z --stdin
> git check-ignore -v -z --stdin
> git check-ignore -v -z --stdin
> git check-ignore -v -z --stdin
> git check-ignore -v -z --stdin
> git check-ignore -v -z --stdin
> git show --textconv :eu/aceito.txt
> git ls-files --stage -- /home/crcamach/eu/aceito.txt
> git cat-file -s e3cf97b7554fc8c648dfc4892f3100c693020b3d
> git ls-files --stage -- /home/crcamach/eu/aceito.txt
> git cat-file -s e3cf97b7554fc8c648dfc4892f3100c693020b3d
> git show --textconv :eu/aceito.txt
> git ls-files --stage -- /home/crcamach/eu/aceito.txt
> git cat-file -s e3cf97b7554fc8c648dfc4892f3100c693020b3d
> git show --textconv :eu/aceito.txt
> git ls-files --stage -- /home/crcamach/eu/aceito.txt
> git cat-file -s e3cf97b7554fc8c648dfc4892f3100c693020b3d
> git show --textconv :eu/aceito.txt
> git ls-files --stage -- /home/crcamach/eu/aceito.txt
> git cat-file -s e3cf97b7554fc8c648dfc4892f3100c693020b3d
> git show --textconv :eu/aceito.txt
> git ls-files --stage -- /home/crcamach/eu/aceito.txt
> git cat-file -s e3cf97b7554fc8c648dfc4892f3100c693020b3d
> git show --textconv :eu/aceito.txt
> git show --textconv :intra-uuid-6ad750c0-aaa6-4ad8-aa8f-fc2d50e7a44c-3656227/eu/aceito.txt
> git ls-files --stage -- /home/crcamach/intra-uuid-6ad750c0-aaa6-4ad8-aa8f-fc2d50e7a44c-3656227/eu/aceito.txt
> git check-ignore -v -z --stdin
> git check-ignore -v -z --stdin
> git show --textconv :intra-uuid-6ad750c0-aaa6-4ad8-aa8f-fc2d50e7a44c-3656227/eu/eu/aceito.txt
> git ls-files --stage -- /home/crcamach/intra-uuid-6ad750c0-aaa6-4ad8-aa8f-fc2d50e7a44c-3656227/eu/eu/aceito.txt
> git check-ignore -v -z --stdin
> git ls-files --stage -- /home/crcamach/intra-uuid-6ad750c0-aaa6-4ad8-aa8f-fc2d50e7a44c-3656227/eu/eu/aceito.txt
> git show --textconv :intra-uuid-6ad750c0-aaa6-4ad8-aa8f-fc2d50e7a44c-3656227/eu/eu/aceito.txt
> git check-ignore -v -z --stdin
> git check-ignore -v -z --stdin
> git check-ignore -v -z --stdin
> git check-ignore -v -z --stdin
> git check-ignore -v -z --stdin
